# Logfile created on 2015-02-09 18:22:07 +0100 by logger.rb/41954
I, [2015-02-09T18:29:22.992023 #5890]  INFO -- : (0.000102s) SET @@wait_timeout = 2147483
I, [2015-02-09T18:29:22.992154 #5890]  INFO -- : (0.000051s) SET SQL_AUTO_IS_NULL=0
I, [2015-02-09T18:29:22.992538 #5890]  INFO -- : (0.000328s) SELECT * FROM `users`
I, [2015-02-09T18:29:22.993691 #5890]  INFO -- : (0.000189s) SELECT * FROM `users`
I, [2015-02-09T18:29:54.473848 #5925]  INFO -- : (0.000093s) SET @@wait_timeout = 2147483
I, [2015-02-09T18:29:54.473999 #5925]  INFO -- : (0.000075s) SET SQL_AUTO_IS_NULL=0
I, [2015-02-09T18:29:54.474418 #5925]  INFO -- : (0.000352s) SELECT * FROM `users`
I, [2015-02-09T18:29:54.475606 #5925]  INFO -- : (0.000182s) SELECT * FROM `users`
I, [2015-02-09T18:29:55.874777 #5930]  INFO -- : (0.000055s) SET @@wait_timeout = 2147483
I, [2015-02-09T18:29:55.874898 #5930]  INFO -- : (0.000039s) SET SQL_AUTO_IS_NULL=0
I, [2015-02-09T18:29:55.875231 #5930]  INFO -- : (0.000273s) SELECT * FROM `users`
I, [2015-02-09T18:29:55.876396 #5930]  INFO -- : (0.000156s) SELECT * FROM `users`
I, [2015-02-09T18:30:40.066992 #5953]  INFO -- : (0.000093s) SET @@wait_timeout = 2147483
I, [2015-02-09T18:30:40.067129 #5953]  INFO -- : (0.000044s) SET SQL_AUTO_IS_NULL=0
I, [2015-02-09T18:30:40.067477 #5953]  INFO -- : (0.000290s) SELECT * FROM `users`
I, [2015-02-09T18:31:24.162920 #5987]  INFO -- : (0.000081s) SET @@wait_timeout = 2147483
I, [2015-02-09T18:31:24.163051 #5987]  INFO -- : (0.000040s) SET SQL_AUTO_IS_NULL=0
I, [2015-02-09T18:31:24.163405 #5987]  INFO -- : (0.000283s) select email from users 
I, [2015-02-09T18:31:24.164062 #5987]  INFO -- : (0.000171s) select email from users 
I, [2015-02-09T18:31:39.844974 #6000]  INFO -- : (0.000103s) SET @@wait_timeout = 2147483
I, [2015-02-09T18:31:39.845110 #6000]  INFO -- : (0.000031s) SET SQL_AUTO_IS_NULL=0
I, [2015-02-09T18:31:39.845451 #6000]  INFO -- : (0.000280s) select email from users 
I, [2015-02-09T18:31:39.846061 #6000]  INFO -- : (0.000150s) select email from users 
I, [2015-02-09T18:40:09.827099 #6060]  INFO -- : (0.000072s) SET @@wait_timeout = 2147483
I, [2015-02-09T18:40:09.827252 #6060]  INFO -- : (0.000071s) SET SQL_AUTO_IS_NULL=0
I, [2015-02-09T18:40:09.827679 #6060]  INFO -- : (0.000333s) SELECT * FROM `users`
I, [2015-02-09T18:40:09.828853 #6060]  INFO -- : (0.000167s) SELECT * FROM `users`
I, [2015-02-09T18:41:55.965139 #6093]  INFO -- : (0.000066s) SET @@wait_timeout = 2147483
I, [2015-02-09T18:41:55.965299 #6093]  INFO -- : (0.000060s) SET SQL_AUTO_IS_NULL=0
I, [2015-02-09T18:41:55.965732 #6093]  INFO -- : (0.000361s) SELECT * FROM `users`
I, [2015-02-09T18:42:20.810932 #6108]  INFO -- : (0.000085s) SET @@wait_timeout = 2147483
I, [2015-02-09T18:42:20.811096 #6108]  INFO -- : (0.000075s) SET SQL_AUTO_IS_NULL=0
I, [2015-02-09T18:42:20.811504 #6108]  INFO -- : (0.000348s) SELECT * FROM `users`
I, [2015-02-09T18:56:56.388143 #6333]  INFO -- : (0.000090s) SET @@wait_timeout = 2147483
I, [2015-02-09T18:56:56.388277 #6333]  INFO -- : (0.000055s) SET SQL_AUTO_IS_NULL=0
I, [2015-02-09T18:56:56.388710 #6333]  INFO -- : (0.000360s) select * from  users where id = 1
I, [2015-02-09T18:57:55.540131 #6374]  INFO -- : (0.000082s) SET @@wait_timeout = 2147483
I, [2015-02-09T18:57:55.540276 #6374]  INFO -- : (0.000059s) SET SQL_AUTO_IS_NULL=0
I, [2015-02-09T18:57:55.540686 #6374]  INFO -- : (0.000328s) select * from  users where id = 1
I, [2015-02-09T18:58:03.245335 #6382]  INFO -- : (0.000056s) SET @@wait_timeout = 2147483
I, [2015-02-09T18:58:03.245468 #6382]  INFO -- : (0.000056s) SET SQL_AUTO_IS_NULL=0
I, [2015-02-09T18:58:03.245876 #6382]  INFO -- : (0.000341s) select * from  users where id = 2
